MiUnion-v3/app/manifest-merger-release-report.txt
-- Merging decision tree log ---
manifest
ADDED from AndroidManifest.xml:2:1
	package
		ADDED from AndroidManifest.xml:3:1
		INJECTED from AndroidManifest.xml:0:0
		INJECTED from AndroidManifest.xml:0:0
	android:versionName
		INJECTED from AndroidManifest.xml:0:0
		INJECTED from AndroidManifest.xml:0:0
	xmlns:android
		ADDED from AndroidManifest.xml:2:11
	android:versionCode
		INJECTED from AndroidManifest.xml:0:0
		INJECTED from AndroidManifest.xml:0:0
uses-permission#android.permission.INTERNET
ADDED from AndroidManifest.xml:5:1
	android:name
		ADDED from AndroidManifest.xml:5:18
application
ADDED from AndroidManifest.xml:7:1
MERGED from com.android.support:appcompat-v7:21.0.3:16:5
MERGED from com.android.support:support-v4:21.0.3:16:5
MERGED from com.android.support:recyclerview-v7:21.0.3:17:5
MERGED from com.android.support:support-v4:21.0.3:16:5
MERGED from com.android.support:cardview-v7:21.0.3:16:5
MERGED from com.android.support:palette-v7:21.0.0:16:5
MERGED from com.android.support:support-v4:21.0.3:16:5
MERGED from com.github.d-max:spots-dialog:0.4:12:5
	android:label
		ADDED from AndroidManifest.xml:10:5
	android:allowBackup
		ADDED from AndroidManifest.xml:8:5
	android:icon
		ADDED from AndroidManifest.xml:9:5
	android:theme
		ADDED from AndroidManifest.xml:12:5
activity#com.example.home.miunion_v3.Splash
ADDED from AndroidManifest.xml:13:5
	android:label
		ADDED from AndroidManifest.xml:15:9
	android:name
		ADDED from AndroidManifest.xml:14:9
intent-filter#android.intent.action.MAIN+android.intent.category.LAUNCHER
ADDED from AndroidManifest.xml:16:9
action#android.intent.action.MAIN
ADDED from AndroidManifest.xml:17:13
	android:name
		ADDED from AndroidManifest.xml:17:21
category#android.intent.category.LAUNCHER
ADDED from AndroidManifest.xml:18:13
	android:name
		ADDED from AndroidManifest.xml:18:23
activity#com.example.home.miunion_v3.MainActivity
ADDED from AndroidManifest.xml:21:5
	android:label
		ADDED from AndroidManifest.xml:22:9
	android:name
		ADDED from AndroidManifest.xml:23:9
activity#com.example.home.miunion_v3.Register
ADDED from AndroidManifest.xml:25:5
	android:label
		ADDED from AndroidManifest.xml:26:9
	android:name
		ADDED from AndroidManifest.xml:27:9
meta-data#android.support.PARENT_ACTIVITY
ADDED from AndroidManifest.xml:28:9
	android:value
		ADDED from AndroidManifest.xml:30:13
	android:name
		ADDED from AndroidManifest.xml:29:13
activity#com.example.home.miunion_v3.UserProfile
ADDED from AndroidManifest.xml:32:5
	android:label
		ADDED from AndroidManifest.xml:33:9
	android:name
		ADDED from AndroidManifest.xml:34:9
activity#com.example.home.miunion_v3.Response
ADDED from AndroidManifest.xml:36:5
	android:label
		ADDED from AndroidManifest.xml:37:9
	android:name
		ADDED from AndroidManifest.xml:38:9
activity#com.example.home.miunion_v3.Hospital
ADDED from AndroidManifest.xml:41:5
	android:label
		ADDED from AndroidManifest.xml:42:9
	android:name
		ADDED from AndroidManifest.xml:43:9
activity#com.example.home.miunion_v3.Admin
ADDED from AndroidManifest.xml:45:5
	android:label
		ADDED from AndroidManifest.xml:46:9
	android:name
		ADDED from AndroidManifest.xml:47:9
activity#com.example.home.miunion_v3.History
ADDED from AndroidManifest.xml:50:5
	android:label
		ADDED from AndroidManifest.xml:51:9
	android:name
		ADDED from AndroidManifest.xml:52:9
activity#com.example.home.miunion_v3.Remote
ADDED from AndroidManifest.xml:54:5
	android:label
		ADDED from AndroidManifest.xml:55:9
	android:name
		ADDED from AndroidManifest.xml:56:9
activity#com.example.home.miunion_v3.Location
ADDED from AndroidManifest.xml:59:5
	android:label
		ADDED from AndroidManifest.xml:60:9
	android:name
		ADDED from AndroidManifest.xml:61:9
activity#com.example.home.miunion_v3.Age
ADDED from AndroidManifest.xml:64:5
	android:label
		ADDED from AndroidManifest.xml:65:9
	android:name
		ADDED from AndroidManifest.xml:66:9
activity#com.example.home.miunion_v3.Epidemic
ADDED from AndroidManifest.xml:71:5
	android:label
		ADDED from AndroidManifest.xml:72:9
	android:name
		ADDED from AndroidManifest.xml:73:9
activity#com.example.home.miunion_v3.Welfare
ADDED from AndroidManifest.xml:78:5
	android:label
		ADDED from AndroidManifest.xml:79:9
	android:name
		ADDED from AndroidManifest.xml:80:9
activity#com.example.home.miunion_v3.About
ADDED from AndroidManifest.xml:85:5
	android:label
		ADDED from AndroidManifest.xml:86:9
	android:name
		ADDED from AndroidManifest.xml:87:9
uses-sdk
INJECTED from AndroidManifest.xml:0:0 reason: use-sdk injection requested
MERGED from com.android.support:appcompat-v7:21.0.3:15:5
MERGED from com.android.support:support-v4:21.0.3:15:5
MERGED from com.android.support:recyclerview-v7:21.0.3:15:5
MERGED from com.android.support:support-v4:21.0.3:15:5
MERGED from com.android.support:cardview-v7:21.0.3:15:5
MERGED from com.android.support:palette-v7:21.0.0:15:5
MERGED from com.android.support:support-v4:21.0.3:15:5
MERGED from com.github.d-max:spots-dialog:0.4:8:5
	android:targetSdkVersion
		INJECTED from AndroidManifest.xml:0:0
		INJECTED from AndroidManifest.xml:0:0
	android:minSdkVersion
		INJECTED from AndroidManifest.xml:0:0
		INJECTED from AndroidManifest.xml:0:0
activity#android.support.v7.widget.TestActivity
ADDED from com.android.support:recyclerview-v7:21.0.3:18:9
	android:label
		ADDED from com.android.support:recyclerview-v7:21.0.3:18:19
	android:name
		ADDED from com.android.support:recyclerview-v7:21.0.3:18:60